{"/Users/tanawut/Documents/test_clone/frontend_assignment/src/App.tsx": {"path":"/Users/tanawut/Documents/test_clone/frontend_assignment/src/App.tsx","all":true,"statementMap":{"0":{"start":{"line":1,"column":0},"end":{"line":1,"column":38}},"1":{"start":{"line":2,"column":0},"end":{"line":2,"column":46}},"2":{"start":{"line":3,"column":0},"end":{"line":3,"column":31}},"4":{"start":{"line":5,"column":0},"end":{"line":5,"column":19}},"6":{"start":{"line":7,"column":0},"end":{"line":7,"column":16}},"7":{"start":{"line":8,"column":0},"end":{"line":8,"column":10}},"8":{"start":{"line":9,"column":0},"end":{"line":9,"column":28}},"9":{"start":{"line":10,"column":0},"end":{"line":10,"column":19}},"10":{"start":{"line":11,"column":0},"end":{"line":11,"column":15}},"12":{"start":{"line":13,"column":0},"end":{"line":13,"column":1}},"14":{"start":{"line":15,"column":0},"end":{"line":15,"column":19}}},"s":{"0":0,"1":0,"2":0,"4":0,"6":0,"7":0,"8":0,"9":0,"10":0,"12":0,"14":0},"branchMap":{"0":{"type":"branch","line":1,"loc":{"start":{"line":1,"column":203},"end":{"line":15,"column":-156}},"locations":[{"start":{"line":1,"column":203},"end":{"line":15,"column":-156}}]}},"b":{"0":[0]},"fnMap":{"0":{"name":"(empty-report)","decl":{"start":{"line":1,"column":203},"end":{"line":15,"column":-156}},"loc":{"start":{"line":1,"column":203},"end":{"line":15,"column":-156}},"line":1}},"f":{"0":0}}
,"/Users/tanawut/Documents/test_clone/frontend_assignment/src/main.tsx": {"path":"/Users/tanawut/Documents/test_clone/frontend_assignment/src/main.tsx","all":true,"statementMap":{"0":{"start":{"line":1,"column":0},"end":{"line":1,"column":34}},"1":{"start":{"line":2,"column":0},"end":{"line":2,"column":45}},"2":{"start":{"line":3,"column":0},"end":{"line":3,"column":20}},"3":{"start":{"line":4,"column":0},"end":{"line":4,"column":27}},"5":{"start":{"line":6,"column":0},"end":{"line":6,"column":52}},"6":{"start":{"line":7,"column":0},"end":{"line":7,"column":14}},"7":{"start":{"line":8,"column":0},"end":{"line":8,"column":11}},"8":{"start":{"line":9,"column":0},"end":{"line":9,"column":16}},"9":{"start":{"line":10,"column":0},"end":{"line":10,"column":1}}},"s":{"0":0,"1":0,"2":0,"3":0,"5":0,"6":0,"7":0,"8":0,"9":0},"branchMap":{"0":{"type":"branch","line":1,"loc":{"start":{"line":1,"column":203},"end":{"line":10,"column":-148}},"locations":[{"start":{"line":1,"column":203},"end":{"line":10,"column":-148}}]}},"b":{"0":[0]},"fnMap":{"0":{"name":"(empty-report)","decl":{"start":{"line":1,"column":203},"end":{"line":10,"column":-148}},"loc":{"start":{"line":1,"column":203},"end":{"line":10,"column":-148}},"line":1}},"f":{"0":0}}
,"/Users/tanawut/Documents/test_clone/frontend_assignment/src/store.ts": {"path":"/Users/tanawut/Documents/test_clone/frontend_assignment/src/store.ts","all":false,"statementMap":{"0":{"start":{"line":1,"column":0},"end":{"line":1,"column":66}},"2":{"start":{"line":3,"column":0},"end":{"line":3,"column":79}},"4":{"start":{"line":5,"column":0},"end":{"line":5,"column":44}},"5":{"start":{"line":6,"column":0},"end":{"line":6,"column":29}},"6":{"start":{"line":7,"column":0},"end":{"line":7,"column":3}},"8":{"start":{"line":9,"column":0},"end":{"line":9,"column":37}},"9":{"start":{"line":10,"column":0},"end":{"line":10,"column":23}},"10":{"start":{"line":11,"column":0},"end":{"line":11,"column":17}},"11":{"start":{"line":12,"column":0},"end":{"line":12,"column":3}}},"s":{"0":1,"2":1,"4":1,"5":1,"6":1,"8":1,"9":1,"10":1,"11":1},"branchMap":{},"b":{},"fnMap":{},"f":{}}
,"/Users/tanawut/Documents/test_clone/frontend_assignment/src/features/foods/pages/index.tsx": {"path":"/Users/tanawut/Documents/test_clone/frontend_assignment/src/features/foods/pages/index.tsx","all":false,"statementMap":{"0":{"start":{"line":1,"column":0},"end":{"line":1,"column":40}},"2":{"start":{"line":3,"column":0},"end":{"line":3,"column":69}},"3":{"start":{"line":4,"column":0},"end":{"line":4,"column":8}},"9":{"start":{"line":10,"column":0},"end":{"line":10,"column":35}},"10":{"start":{"line":11,"column":0},"end":{"line":11,"column":36}},"11":{"start":{"line":12,"column":0},"end":{"line":12,"column":51}},"13":{"start":{"line":14,"column":0},"end":{"line":14,"column":19}},"14":{"start":{"line":15,"column":0},"end":{"line":15,"column":27}},"15":{"start":{"line":16,"column":0},"end":{"line":16,"column":17}},"17":{"start":{"line":18,"column":0},"end":{"line":18,"column":45}},"18":{"start":{"line":19,"column":0},"end":{"line":19,"column":39}},"19":{"start":{"line":20,"column":0},"end":{"line":20,"column":4}},"21":{"start":{"line":22,"column":0},"end":{"line":22,"column":10}},"22":{"start":{"line":23,"column":0},"end":{"line":23,"column":31}},"23":{"start":{"line":24,"column":0},"end":{"line":24,"column":47}},"24":{"start":{"line":25,"column":0},"end":{"line":25,"column":23}},"25":{"start":{"line":26,"column":0},"end":{"line":26,"column":43}},"26":{"start":{"line":27,"column":0},"end":{"line":27,"column":31}},"27":{"start":{"line":28,"column":0},"end":{"line":28,"column":14}},"28":{"start":{"line":29,"column":0},"end":{"line":29,"column":23}},"29":{"start":{"line":30,"column":0},"end":{"line":30,"column":54}},"30":{"start":{"line":31,"column":0},"end":{"line":31,"column":28}},"32":{"start":{"line":33,"column":0},"end":{"line":33,"column":23}},"33":{"start":{"line":34,"column":0},"end":{"line":34,"column":16}},"34":{"start":{"line":35,"column":0},"end":{"line":35,"column":11}},"35":{"start":{"line":36,"column":0},"end":{"line":36,"column":12}},"36":{"start":{"line":37,"column":0},"end":{"line":37,"column":34}},"37":{"start":{"line":38,"column":0},"end":{"line":38,"column":23}},"38":{"start":{"line":39,"column":0},"end":{"line":39,"column":21}},"39":{"start":{"line":40,"column":0},"end":{"line":40,"column":73}},"40":{"start":{"line":41,"column":0},"end":{"line":41,"column":37}},"41":{"start":{"line":42,"column":0},"end":{"line":42,"column":32}},"42":{"start":{"line":43,"column":0},"end":{"line":43,"column":46}},"43":{"start":{"line":44,"column":0},"end":{"line":44,"column":58}},"45":{"start":{"line":46,"column":0},"end":{"line":46,"column":29}},"46":{"start":{"line":47,"column":0},"end":{"line":47,"column":22}},"47":{"start":{"line":48,"column":0},"end":{"line":48,"column":17}},"48":{"start":{"line":49,"column":0},"end":{"line":49,"column":12}},"49":{"start":{"line":50,"column":0},"end":{"line":50,"column":34}},"50":{"start":{"line":51,"column":0},"end":{"line":51,"column":24}},"52":{"start":{"line":53,"column":0},"end":{"line":53,"column":21}},"53":{"start":{"line":54,"column":0},"end":{"line":54,"column":77}},"54":{"start":{"line":55,"column":0},"end":{"line":55,"column":37}},"55":{"start":{"line":56,"column":0},"end":{"line":56,"column":32}},"56":{"start":{"line":57,"column":0},"end":{"line":57,"column":46}},"57":{"start":{"line":58,"column":0},"end":{"line":58,"column":58}},"59":{"start":{"line":60,"column":0},"end":{"line":60,"column":29}},"60":{"start":{"line":61,"column":0},"end":{"line":61,"column":22}},"61":{"start":{"line":62,"column":0},"end":{"line":62,"column":17}},"63":{"start":{"line":64,"column":0},"end":{"line":64,"column":12}},"64":{"start":{"line":65,"column":0},"end":{"line":65,"column":10}},"66":{"start":{"line":67,"column":0},"end":{"line":67,"column":2}},"68":{"start":{"line":69,"column":0},"end":{"line":69,"column":25}}},"s":{"0":1,"2":1,"3":1,"9":1,"10":9,"11":9,"13":9,"14":3,"15":9,"17":9,"18":3,"19":3,"21":9,"22":9,"23":9,"24":9,"25":9,"26":9,"27":97,"28":97,"29":97,"30":97,"32":97,"33":97,"34":9,"35":9,"36":9,"37":9,"38":9,"39":9,"40":9,"41":2,"42":2,"43":2,"45":2,"46":2,"47":9,"48":9,"49":9,"50":9,"52":9,"53":9,"54":9,"55":0,"56":0,"57":0,"59":0,"60":0,"61":9,"63":9,"64":9,"66":9,"68":1},"branchMap":{"0":{"type":"branch","line":10,"loc":{"start":{"line":10,"column":28},"end":{"line":67,"column":2}},"locations":[{"start":{"line":10,"column":28},"end":{"line":67,"column":2}}]},"1":{"type":"branch","line":14,"loc":{"start":{"line":14,"column":12},"end":{"line":16,"column":5}},"locations":[{"start":{"line":14,"column":12},"end":{"line":16,"column":5}}]},"2":{"type":"branch","line":18,"loc":{"start":{"line":18,"column":26},"end":{"line":20,"column":4}},"locations":[{"start":{"line":18,"column":26},"end":{"line":20,"column":4}}]},"3":{"type":"branch","line":26,"loc":{"start":{"line":26,"column":16},"end":{"line":26,"column":42}},"locations":[{"start":{"line":26,"column":16},"end":{"line":26,"column":42}}]},"4":{"type":"branch","line":27,"loc":{"start":{"line":27,"column":13},"end":{"line":34,"column":16}},"locations":[{"start":{"line":27,"column":13},"end":{"line":34,"column":16}}]},"5":{"type":"branch","line":30,"loc":{"start":{"line":30,"column":21},"end":{"line":30,"column":54}},"locations":[{"start":{"line":30,"column":21},"end":{"line":30,"column":54}}]},"6":{"type":"branch","line":40,"loc":{"start":{"line":40,"column":22},"end":{"line":40,"column":72}},"locations":[{"start":{"line":40,"column":22},"end":{"line":40,"column":72}}]},"7":{"type":"branch","line":40,"loc":{"start":{"line":40,"column":37},"end":{"line":40,"column":72}},"locations":[{"start":{"line":40,"column":37},"end":{"line":40,"column":72}}]},"8":{"type":"branch","line":41,"loc":{"start":{"line":41,"column":19},"end":{"line":47,"column":22}},"locations":[{"start":{"line":41,"column":19},"end":{"line":47,"column":22}}]},"9":{"type":"branch","line":44,"loc":{"start":{"line":44,"column":25},"end":{"line":44,"column":58}},"locations":[{"start":{"line":44,"column":25},"end":{"line":44,"column":58}}]},"10":{"type":"branch","line":54,"loc":{"start":{"line":54,"column":22},"end":{"line":54,"column":76}},"locations":[{"start":{"line":54,"column":22},"end":{"line":54,"column":76}}]},"11":{"type":"branch","line":54,"loc":{"start":{"line":54,"column":37},"end":{"line":54,"column":76}},"locations":[{"start":{"line":54,"column":37},"end":{"line":54,"column":76}}]}},"b":{"0":[9],"1":[3],"2":[3],"3":[99],"4":[97],"5":[2],"6":[99],"7":[2],"8":[2],"9":[1],"10":[99],"11":[2]},"fnMap":{"0":{"name":"FoodsPage","decl":{"start":{"line":10,"column":28},"end":{"line":67,"column":2}},"loc":{"start":{"line":10,"column":28},"end":{"line":67,"column":2}},"line":10},"1":{"name":"handleItemClick","decl":{"start":{"line":18,"column":26},"end":{"line":20,"column":4}},"loc":{"start":{"line":18,"column":26},"end":{"line":20,"column":4}},"line":18},"2":{"name":"onClick","decl":{"start":{"line":30,"column":21},"end":{"line":30,"column":54}},"loc":{"start":{"line":30,"column":21},"end":{"line":30,"column":54}},"line":30},"3":{"name":"onClick","decl":{"start":{"line":44,"column":25},"end":{"line":44,"column":58}},"loc":{"start":{"line":44,"column":25},"end":{"line":44,"column":58}},"line":44}},"f":{"0":9,"1":3,"2":2,"3":1}}
,"/Users/tanawut/Documents/test_clone/frontend_assignment/src/features/foods/redux/foodsSlice.ts": {"path":"/Users/tanawut/Documents/test_clone/frontend_assignment/src/features/foods/redux/foodsSlice.ts","all":false,"statementMap":{"0":{"start":{"line":1,"column":0},"end":{"line":1,"column":79}},"1":{"start":{"line":2,"column":0},"end":{"line":2,"column":38}},"4":{"start":{"line":5,"column":0},"end":{"line":5,"column":34}},"6":{"start":{"line":7,"column":0},"end":{"line":7,"column":43}},"7":{"start":{"line":8,"column":0},"end":{"line":8,"column":29}},"8":{"start":{"line":9,"column":0},"end":{"line":9,"column":43}},"9":{"start":{"line":10,"column":0},"end":{"line":10,"column":9}},"10":{"start":{"line":11,"column":0},"end":{"line":11,"column":25}},"11":{"start":{"line":12,"column":0},"end":{"line":12,"column":18}},"12":{"start":{"line":13,"column":0},"end":{"line":13,"column":21}},"13":{"start":{"line":14,"column":0},"end":{"line":14,"column":36}},"14":{"start":{"line":15,"column":0},"end":{"line":15,"column":5}},"15":{"start":{"line":16,"column":0},"end":{"line":16,"column":3}},"16":{"start":{"line":17,"column":0},"end":{"line":17,"column":2}},"30":{"start":{"line":31,"column":0},"end":{"line":31,"column":34}},"31":{"start":{"line":32,"column":0},"end":{"line":32,"column":20}},"32":{"start":{"line":33,"column":0},"end":{"line":33,"column":14}},"33":{"start":{"line":34,"column":0},"end":{"line":34,"column":11}},"34":{"start":{"line":35,"column":0},"end":{"line":35,"column":2}},"36":{"start":{"line":37,"column":0},"end":{"line":37,"column":32}},"37":{"start":{"line":38,"column":0},"end":{"line":38,"column":19}},"38":{"start":{"line":39,"column":0},"end":{"line":39,"column":15}},"39":{"start":{"line":40,"column":0},"end":{"line":40,"column":13}},"40":{"start":{"line":41,"column":0},"end":{"line":41,"column":62}},"41":{"start":{"line":42,"column":0},"end":{"line":42,"column":38}},"42":{"start":{"line":43,"column":0},"end":{"line":43,"column":39}},"43":{"start":{"line":44,"column":0},"end":{"line":44,"column":73}},"44":{"start":{"line":45,"column":0},"end":{"line":45,"column":34}},"45":{"start":{"line":46,"column":0},"end":{"line":46,"column":33}},"46":{"start":{"line":47,"column":0},"end":{"line":47,"column":54}},"47":{"start":{"line":48,"column":0},"end":{"line":48,"column":8}},"48":{"start":{"line":49,"column":0},"end":{"line":49,"column":23}},"49":{"start":{"line":50,"column":0},"end":{"line":50,"column":42}},"50":{"start":{"line":51,"column":0},"end":{"line":51,"column":20}},"51":{"start":{"line":52,"column":0},"end":{"line":52,"column":43}},"52":{"start":{"line":53,"column":0},"end":{"line":53,"column":8}},"53":{"start":{"line":54,"column":0},"end":{"line":54,"column":27}},"54":{"start":{"line":55,"column":0},"end":{"line":55,"column":6}},"55":{"start":{"line":56,"column":0},"end":{"line":56,"column":4}},"56":{"start":{"line":57,"column":0},"end":{"line":57,"column":29}},"57":{"start":{"line":58,"column":0},"end":{"line":58,"column":11}},"58":{"start":{"line":59,"column":0},"end":{"line":59,"column":47}},"59":{"start":{"line":60,"column":0},"end":{"line":60,"column":32}},"60":{"start":{"line":61,"column":0},"end":{"line":61,"column":27}},"61":{"start":{"line":62,"column":0},"end":{"line":62,"column":8}},"62":{"start":{"line":63,"column":0},"end":{"line":63,"column":57}},"63":{"start":{"line":64,"column":0},"end":{"line":64,"column":33}},"64":{"start":{"line":65,"column":0},"end":{"line":65,"column":27}},"65":{"start":{"line":66,"column":0},"end":{"line":66,"column":49}},"66":{"start":{"line":67,"column":0},"end":{"line":67,"column":23}},"67":{"start":{"line":68,"column":0},"end":{"line":68,"column":23}},"68":{"start":{"line":69,"column":0},"end":{"line":69,"column":28}},"69":{"start":{"line":70,"column":0},"end":{"line":70,"column":11}},"70":{"start":{"line":71,"column":0},"end":{"line":71,"column":8}},"71":{"start":{"line":72,"column":0},"end":{"line":72,"column":48}},"72":{"start":{"line":73,"column":0},"end":{"line":73,"column":33}},"73":{"start":{"line":74,"column":0},"end":{"line":74,"column":48}},"74":{"start":{"line":75,"column":0},"end":{"line":75,"column":9}},"75":{"start":{"line":76,"column":0},"end":{"line":76,"column":3}},"77":{"start":{"line":78,"column":0},"end":{"line":78,"column":71}},"78":{"start":{"line":79,"column":0},"end":{"line":79,"column":64}},"80":{"start":{"line":81,"column":0},"end":{"line":81,"column":57}},"81":{"start":{"line":82,"column":0},"end":{"line":82,"column":34}}},"s":{"0":1,"1":1,"4":1,"6":1,"7":1,"8":1,"9":6,"10":6,"11":6,"12":6,"13":0,"14":0,"15":6,"16":1,"30":1,"31":1,"32":1,"33":1,"34":1,"36":1,"37":1,"38":1,"39":1,"40":1,"41":3,"42":3,"43":3,"44":3,"45":3,"46":3,"47":3,"48":3,"49":3,"50":3,"51":3,"52":3,"53":3,"54":3,"55":1,"56":1,"57":1,"58":1,"59":6,"60":6,"61":1,"62":1,"63":6,"64":6,"65":6,"66":66,"67":66,"68":66,"69":6,"70":1,"71":1,"72":0,"73":0,"74":1,"75":1,"77":1,"78":1,"80":1,"81":1},"branchMap":{"0":{"type":"branch","line":9,"loc":{"start":{"line":9,"column":2},"end":{"line":16,"column":3}},"locations":[{"start":{"line":9,"column":2},"end":{"line":16,"column":3}}]},"1":{"type":"branch","line":13,"loc":{"start":{"line":13,"column":4},"end":{"line":15,"column":5}},"locations":[{"start":{"line":13,"column":4},"end":{"line":15,"column":5}}]},"2":{"type":"branch","line":41,"loc":{"start":{"line":41,"column":4},"end":{"line":55,"column":6}},"locations":[{"start":{"line":41,"column":4},"end":{"line":55,"column":6}}]},"3":{"type":"branch","line":44,"loc":{"start":{"line":44,"column":45},"end":{"line":44,"column":71}},"locations":[{"start":{"line":44,"column":45},"end":{"line":44,"column":71}}]},"4":{"type":"branch","line":57,"loc":{"start":{"line":57,"column":17},"end":{"line":75,"column":9}},"locations":[{"start":{"line":57,"column":17},"end":{"line":75,"column":9}}]},"5":{"type":"branch","line":59,"loc":{"start":{"line":59,"column":35},"end":{"line":62,"column":7}},"locations":[{"start":{"line":59,"column":35},"end":{"line":62,"column":7}}]},"6":{"type":"branch","line":63,"loc":{"start":{"line":63,"column":37},"end":{"line":71,"column":7}},"locations":[{"start":{"line":63,"column":37},"end":{"line":71,"column":7}}]},"7":{"type":"branch","line":66,"loc":{"start":{"line":66,"column":40},"end":{"line":70,"column":10}},"locations":[{"start":{"line":66,"column":40},"end":{"line":70,"column":10}}]},"8":{"type":"branch","line":79,"loc":{"start":{"line":79,"column":25},"end":{"line":79,"column":64}},"locations":[{"start":{"line":79,"column":25},"end":{"line":79,"column":64}}]}},"b":{"0":[6],"1":[0],"2":[3],"3":[3],"4":[1],"5":[6],"6":[6],"7":[66],"8":[15]},"fnMap":{"0":{"name":"updateSelectedList","decl":{"start":{"line":41,"column":4},"end":{"line":55,"column":6}},"loc":{"start":{"line":41,"column":4},"end":{"line":55,"column":6}},"line":41},"1":{"name":"extraReducers","decl":{"start":{"line":57,"column":17},"end":{"line":75,"column":9}},"loc":{"start":{"line":57,"column":17},"end":{"line":75,"column":9}},"line":57},"2":{"name":"isFetching","decl":{"start":{"line":78,"column":26},"end":{"line":78,"column":71}},"loc":{"start":{"line":78,"column":26},"end":{"line":78,"column":71}},"line":78},"3":{"name":"foodsList","decl":{"start":{"line":79,"column":25},"end":{"line":79,"column":64}},"loc":{"start":{"line":79,"column":25},"end":{"line":79,"column":64}},"line":79}},"f":{"0":3,"1":1,"2":0,"3":15}}
,"/Users/tanawut/Documents/test_clone/frontend_assignment/src/hooks/store.ts": {"path":"/Users/tanawut/Documents/test_clone/frontend_assignment/src/hooks/store.ts","all":false,"statementMap":{"0":{"start":{"line":1,"column":0},"end":{"line":1,"column":54}},"4":{"start":{"line":5,"column":0},"end":{"line":5,"column":67}},"5":{"start":{"line":6,"column":0},"end":{"line":6,"column":65}}},"s":{"0":1,"4":1,"5":1},"branchMap":{},"b":{},"fnMap":{},"f":{}}
}
